-------------------------------------------------------------------------------
Test set: com.ericbarnhill.jmra.Test3DSerial
-------------------------------------------------------------------------------
Tests run: 2, Failures: 0, Errors: 2, Skipped: 0, Time elapsed: 0.024 sec <<< FAILURE! - in com.ericbarnhill.jmra.Test3DSerial
MRA3DUSerialTest(com.ericbarnhill.jmra.Test3DSerial)  Time elapsed: 0.016 sec  <<< ERROR!
java.lang.NullPointerException: null
	at com.ericbarnhill.jmra.Test3DSerial.MRA3DUSerialTest(Test3DSerial.java:55)

MRA3DSerialTest(com.ericbarnhill.jmra.Test3DSerial)  Time elapsed: 0.008 sec  <<< ERROR!
java.lang.NullPointerException: null
	at com.ericbarnhill.jmra.Test3DSerial.MRA3DSerialTest(Test3DSerial.java:32)

